<?xml version="1.0" encoding="UTF-8"?>
<testsuite xmlns:xsi="http://www.w3.org/2001/XMLSchema-instance" xsi:noNamespaceSchemaLocation="https://maven.apache.org/surefire/maven-surefire-plugin/xsd/surefire-test-report-3.0.xsd" version="3.0" name="com.example.bilibilivideostream.BilibiliVideoStreamApplicationTests" time="6.307" tests="5" errors="2" skipped="0" failures="0">
  <properties>
    <property name="java.specification.version" value="22"/>
    <property name="sun.cpu.isalist" value="amd64"/>
    <property name="sun.jnu.encoding" value="GBK"/>
    <property name="java.class.path" value="D:\H\Code\IDEAUltimate\BilibiliVideoStream\target\test-classes;D:\H\Code\IDEAUltimate\BilibiliVideoStream\target\classes;D:\Maven\apache-maven-3.9.7\repo\org\springframework\boot\spring-boot-starter-web\3.2.3\spring-boot-starter-web-3.2.3.jar;D:\Maven\apache-maven-3.9.7\repo\org\springframework\boot\spring-boot-starter\3.2.3\spring-boot-starter-3.2.3.jar;D:\Maven\apache-maven-3.9.7\repo\org\springframework\boot\spring-boot-starter-logging\3.2.3\spring-boot-starter-logging-3.2.3.jar;D:\Maven\apache-maven-3.9.7\repo\ch\qos\logback\logback-classic\1.4.14\logback-classic-1.4.14.jar;D:\Maven\apache-maven-3.9.7\repo\ch\qos\logback\logback-core\1.4.14\logback-core-1.4.14.jar;D:\Maven\apache-maven-3.9.7\repo\org\apache\logging\log4j\log4j-to-slf4j\2.21.1\log4j-to-slf4j-2.21.1.jar;D:\Maven\apache-maven-3.9.7\repo\org\apache\logging\log4j\log4j-api\2.21.1\log4j-api-2.21.1.jar;D:\Maven\apache-maven-3.9.7\repo\org\slf4j\jul-to-slf4j\2.0.12\jul-to-slf4j-2.0.12.jar;D:\Maven\apache-maven-3.9.7\repo\jakarta\annotation\jakarta.annotation-api\2.1.1\jakarta.annotation-api-2.1.1.jar;D:\Maven\apache-maven-3.9.7\repo\org\yaml\snakeyaml\2.2\snakeyaml-2.2.jar;D:\Maven\apache-maven-3.9.7\repo\org\springframework\boot\spring-boot-starter-json\3.2.3\spring-boot-starter-json-3.2.3.jar;D:\Maven\apache-maven-3.9.7\repo\com\fasterxml\jackson\core\jackson-databind\2.15.4\jackson-databind-2.15.4.jar;D:\Maven\apache-maven-3.9.7\repo\com\fasterxml\jackson\core\jackson-annotations\2.15.4\jackson-annotations-2.15.4.jar;D:\Maven\apache-maven-3.9.7\repo\com\fasterxml\jackson\core\jackson-core\2.15.4\jackson-core-2.15.4.jar;D:\Maven\apache-maven-3.9.7\repo\com\fasterxml\jackson\datatype\jackson-datatype-jdk8\2.15.4\jackson-datatype-jdk8-2.15.4.jar;D:\Maven\apache-maven-3.9.7\repo\com\fasterxml\jackson\datatype\jackson-datatype-jsr310\2.15.4\jackson-datatype-jsr310-2.15.4.jar;D:\Maven\apache-maven-3.9.7\repo\com\fasterxml\jackson\module\jackson-module-parameter-names\2.15.4\jackson-module-parameter-names-2.15.4.jar;D:\Maven\apache-maven-3.9.7\repo\org\springframework\boot\spring-boot-starter-tomcat\3.2.3\spring-boot-starter-tomcat-3.2.3.jar;D:\Maven\apache-maven-3.9.7\repo\org\apache\tomcat\embed\tomcat-embed-core\10.1.19\tomcat-embed-core-10.1.19.jar;D:\Maven\apache-maven-3.9.7\repo\org\apache\tomcat\embed\tomcat-embed-el\10.1.19\tomcat-embed-el-10.1.19.jar;D:\Maven\apache-maven-3.9.7\repo\org\apache\tomcat\embed\tomcat-embed-websocket\10.1.19\tomcat-embed-websocket-10.1.19.jar;D:\Maven\apache-maven-3.9.7\repo\org\springframework\spring-web\6.1.4\spring-web-6.1.4.jar;D:\Maven\apache-maven-3.9.7\repo\org\springframework\spring-beans\6.1.4\spring-beans-6.1.4.jar;D:\Maven\apache-maven-3.9.7\repo\io\micrometer\micrometer-observation\1.12.3\micrometer-observation-1.12.3.jar;D:\Maven\apache-maven-3.9.7\repo\io\micrometer\micrometer-commons\1.12.3\micrometer-commons-1.12.3.jar;D:\Maven\apache-maven-3.9.7\repo\org\springframework\spring-webmvc\6.1.4\spring-webmvc-6.1.4.jar;D:\Maven\apache-maven-3.9.7\repo\org\springframework\spring-aop\6.1.4\spring-aop-6.1.4.jar;D:\Maven\apache-maven-3.9.7\repo\org\springframework\spring-context\6.1.4\spring-context-6.1.4.jar;D:\Maven\apache-maven-3.9.7\repo\org\springframework\spring-expression\6.1.4\spring-expression-6.1.4.jar;D:\Maven\apache-maven-3.9.7\repo\org\springframework\boot\spring-boot-devtools\3.2.3\spring-boot-devtools-3.2.3.jar;D:\Maven\apache-maven-3.9.7\repo\org\springframework\boot\spring-boot\3.2.3\spring-boot-3.2.3.jar;D:\Maven\apache-maven-3.9.7\repo\org\springframework\boot\spring-boot-autoconfigure\3.2.3\spring-boot-autoconfigure-3.2.3.jar;D:\Maven\apache-maven-3.9.7\repo\org\projectlombok\lombok\1.18.30\lombok-1.18.30.jar;D:\Maven\apache-maven-3.9.7\repo\org\springframework\boot\spring-boot-starter-test\3.2.3\spring-boot-starter-test-3.2.3.jar;D:\Maven\apache-maven-3.9.7\repo\org\springframework\boot\spring-boot-test\3.2.3\spring-boot-test-3.2.3.jar;D:\Maven\apache-maven-3.9.7\repo\org\springframework\boot\spring-boot-test-autoconfigure\3.2.3\spring-boot-test-autoconfigure-3.2.3.jar;D:\Maven\apache-maven-3.9.7\repo\com\jayway\jsonpath\json-path\2.9.0\json-path-2.9.0.jar;D:\Maven\apache-maven-3.9.7\repo\org\slf4j\slf4j-api\2.0.12\slf4j-api-2.0.12.jar;D:\Maven\apache-maven-3.9.7\repo\jakarta\xml\bind\jakarta.xml.bind-api\4.0.1\jakarta.xml.bind-api-4.0.1.jar;D:\Maven\apache-maven-3.9.7\repo\jakarta\activation\jakarta.activation-api\2.1.2\jakarta.activation-api-2.1.2.jar;D:\Maven\apache-maven-3.9.7\repo\net\minidev\json-smart\2.5.0\json-smart-2.5.0.jar;D:\Maven\apache-maven-3.9.7\repo\net\minidev\accessors-smart\2.5.0\accessors-smart-2.5.0.jar;D:\Maven\apache-maven-3.9.7\repo\org\ow2\asm\asm\9.3\asm-9.3.jar;D:\Maven\apache-maven-3.9.7\repo\org\assertj\assertj-core\3.24.2\assertj-core-3.24.2.jar;D:\Maven\apache-maven-3.9.7\repo\net\bytebuddy\byte-buddy\1.14.12\byte-buddy-1.14.12.jar;D:\Maven\apache-maven-3.9.7\repo\org\awaitility\awaitility\4.2.0\awaitility-4.2.0.jar;D:\Maven\apache-maven-3.9.7\repo\org\hamcrest\hamcrest\2.2\hamcrest-2.2.jar;D:\Maven\apache-maven-3.9.7\repo\org\junit\jupiter\junit-jupiter\5.10.2\junit-jupiter-5.10.2.jar;D:\Maven\apache-maven-3.9.7\repo\org\junit\jupiter\junit-jupiter-api\5.10.2\junit-jupiter-api-5.10.2.jar;D:\Maven\apache-maven-3.9.7\repo\org\opentest4j\opentest4j\1.3.0\opentest4j-1.3.0.jar;D:\Maven\apache-maven-3.9.7\repo\org\junit\platform\junit-platform-commons\1.10.2\junit-platform-commons-1.10.2.jar;D:\Maven\apache-maven-3.9.7\repo\org\apiguardian\apiguardian-api\1.1.2\apiguardian-api-1.1.2.jar;D:\Maven\apache-maven-3.9.7\repo\org\junit\jupiter\junit-jupiter-params\5.10.2\junit-jupiter-params-5.10.2.jar;D:\Maven\apache-maven-3.9.7\repo\org\junit\jupiter\junit-jupiter-engine\5.10.2\junit-jupiter-engine-5.10.2.jar;D:\Maven\apache-maven-3.9.7\repo\org\junit\platform\junit-platform-engine\1.10.2\junit-platform-engine-1.10.2.jar;D:\Maven\apache-maven-3.9.7\repo\org\mockito\mockito-core\5.7.0\mockito-core-5.7.0.jar;D:\Maven\apache-maven-3.9.7\repo\net\bytebuddy\byte-buddy-agent\1.14.12\byte-buddy-agent-1.14.12.jar;D:\Maven\apache-maven-3.9.7\repo\org\objenesis\objenesis\3.3\objenesis-3.3.jar;D:\Maven\apache-maven-3.9.7\repo\org\mockito\mockito-junit-jupiter\5.7.0\mockito-junit-jupiter-5.7.0.jar;D:\Maven\apache-maven-3.9.7\repo\org\skyscreamer\jsonassert\1.5.1\jsonassert-1.5.1.jar;D:\Maven\apache-maven-3.9.7\repo\com\vaadin\external\google\android-json\0.0.20131108.vaadin1\android-json-0.0.20131108.vaadin1.jar;D:\Maven\apache-maven-3.9.7\repo\org\springframework\spring-core\6.1.4\spring-core-6.1.4.jar;D:\Maven\apache-maven-3.9.7\repo\org\springframework\spring-jcl\6.1.4\spring-jcl-6.1.4.jar;D:\Maven\apache-maven-3.9.7\repo\org\springframework\spring-test\6.1.4\spring-test-6.1.4.jar;D:\Maven\apache-maven-3.9.7\repo\org\xmlunit\xmlunit-core\2.9.1\xmlunit-core-2.9.1.jar;D:\Maven\apache-maven-3.9.7\repo\cn\hutool\hutool-all\5.8.26\hutool-all-5.8.26.jar;D:\Maven\apache-maven-3.9.7\repo\org\springframework\boot\spring-boot-starter-data-mongodb\2.7.5\spring-boot-starter-data-mongodb-2.7.5.jar;D:\Maven\apache-maven-3.9.7\repo\org\mongodb\mongodb-driver-sync\4.11.1\mongodb-driver-sync-4.11.1.jar;D:\Maven\apache-maven-3.9.7\repo\org\mongodb\bson\4.11.1\bson-4.11.1.jar;D:\Maven\apache-maven-3.9.7\repo\org\mongodb\mongodb-driver-core\4.11.1\mongodb-driver-core-4.11.1.jar;D:\Maven\apache-maven-3.9.7\repo\org\mongodb\bson-record-codec\4.11.1\bson-record-codec-4.11.1.jar;D:\Maven\apache-maven-3.9.7\repo\org\springframework\data\spring-data-mongodb\4.2.3\spring-data-mongodb-4.2.3.jar;D:\Maven\apache-maven-3.9.7\repo\org\springframework\spring-tx\6.1.4\spring-tx-6.1.4.jar;D:\Maven\apache-maven-3.9.7\repo\org\springframework\data\spring-data-commons\3.2.3\spring-data-commons-3.2.3.jar;D:\Maven\apache-maven-3.9.7\repo\org\springframework\boot\spring-boot-starter-websocket\3.3.0\spring-boot-starter-websocket-3.3.0.jar;D:\Maven\apache-maven-3.9.7\repo\org\springframework\spring-messaging\6.1.4\spring-messaging-6.1.4.jar;D:\Maven\apache-maven-3.9.7\repo\org\springframework\spring-websocket\6.1.4\spring-websocket-6.1.4.jar;"/>
    <property name="java.vm.vendor" value="Oracle Corporation"/>
    <property name="sun.arch.data.model" value="64"/>
    <property name="user.variant" value=""/>
    <property name="java.vendor.url" value="https://java.oracle.com/"/>
    <property name="user.timezone" value="Asia/Hong_Kong"/>
    <property name="os.name" value="Windows 11"/>
    <property name="java.vm.specification.version" value="22"/>
    <property name="sun.java.launcher" value="SUN_STANDARD"/>
    <property name="user.country" value="CN"/>
    <property name="sun.boot.library.path" value="D:\JDK\JDK22\bin"/>
    <property name="sun.java.command" value="C:\Users\homura\AppData\Local\Temp\surefire2607558028797670789\surefirebooter-20240618204336092_3.jar C:\Users\homura\AppData\Local\Temp\surefire2607558028797670789 2024-06-18T20-43-36_025-jvmRun1 surefire-20240618204336092_1tmp surefire_0-20240618204336092_2tmp"/>
    <property name="jdk.debug" value="release"/>
    <property name="surefire.test.class.path" value="D:\H\Code\IDEAUltimate\BilibiliVideoStream\target\test-classes;D:\H\Code\IDEAUltimate\BilibiliVideoStream\target\classes;D:\Maven\apache-maven-3.9.7\repo\org\springframework\boot\spring-boot-starter-web\3.2.3\spring-boot-starter-web-3.2.3.jar;D:\Maven\apache-maven-3.9.7\repo\org\springframework\boot\spring-boot-starter\3.2.3\spring-boot-starter-3.2.3.jar;D:\Maven\apache-maven-3.9.7\repo\org\springframework\boot\spring-boot-starter-logging\3.2.3\spring-boot-starter-logging-3.2.3.jar;D:\Maven\apache-maven-3.9.7\repo\ch\qos\logback\logback-classic\1.4.14\logback-classic-1.4.14.jar;D:\Maven\apache-maven-3.9.7\repo\ch\qos\logback\logback-core\1.4.14\logback-core-1.4.14.jar;D:\Maven\apache-maven-3.9.7\repo\org\apache\logging\log4j\log4j-to-slf4j\2.21.1\log4j-to-slf4j-2.21.1.jar;D:\Maven\apache-maven-3.9.7\repo\org\apache\logging\log4j\log4j-api\2.21.1\log4j-api-2.21.1.jar;D:\Maven\apache-maven-3.9.7\repo\org\slf4j\jul-to-slf4j\2.0.12\jul-to-slf4j-2.0.12.jar;D:\Maven\apache-maven-3.9.7\repo\jakarta\annotation\jakarta.annotation-api\2.1.1\jakarta.annotation-api-2.1.1.jar;D:\Maven\apache-maven-3.9.7\repo\org\yaml\snakeyaml\2.2\snakeyaml-2.2.jar;D:\Maven\apache-maven-3.9.7\repo\org\springframework\boot\spring-boot-starter-json\3.2.3\spring-boot-starter-json-3.2.3.jar;D:\Maven\apache-maven-3.9.7\repo\com\fasterxml\jackson\core\jackson-databind\2.15.4\jackson-databind-2.15.4.jar;D:\Maven\apache-maven-3.9.7\repo\com\fasterxml\jackson\core\jackson-annotations\2.15.4\jackson-annotations-2.15.4.jar;D:\Maven\apache-maven-3.9.7\repo\com\fasterxml\jackson\core\jackson-core\2.15.4\jackson-core-2.15.4.jar;D:\Maven\apache-maven-3.9.7\repo\com\fasterxml\jackson\datatype\jackson-datatype-jdk8\2.15.4\jackson-datatype-jdk8-2.15.4.jar;D:\Maven\apache-maven-3.9.7\repo\com\fasterxml\jackson\datatype\jackson-datatype-jsr310\2.15.4\jackson-datatype-jsr310-2.15.4.jar;D:\Maven\apache-maven-3.9.7\repo\com\fasterxml\jackson\module\jackson-module-parameter-names\2.15.4\jackson-module-parameter-names-2.15.4.jar;D:\Maven\apache-maven-3.9.7\repo\org\springframework\boot\spring-boot-starter-tomcat\3.2.3\spring-boot-starter-tomcat-3.2.3.jar;D:\Maven\apache-maven-3.9.7\repo\org\apache\tomcat\embed\tomcat-embed-core\10.1.19\tomcat-embed-core-10.1.19.jar;D:\Maven\apache-maven-3.9.7\repo\org\apache\tomcat\embed\tomcat-embed-el\10.1.19\tomcat-embed-el-10.1.19.jar;D:\Maven\apache-maven-3.9.7\repo\org\apache\tomcat\embed\tomcat-embed-websocket\10.1.19\tomcat-embed-websocket-10.1.19.jar;D:\Maven\apache-maven-3.9.7\repo\org\springframework\spring-web\6.1.4\spring-web-6.1.4.jar;D:\Maven\apache-maven-3.9.7\repo\org\springframework\spring-beans\6.1.4\spring-beans-6.1.4.jar;D:\Maven\apache-maven-3.9.7\repo\io\micrometer\micrometer-observation\1.12.3\micrometer-observation-1.12.3.jar;D:\Maven\apache-maven-3.9.7\repo\io\micrometer\micrometer-commons\1.12.3\micrometer-commons-1.12.3.jar;D:\Maven\apache-maven-3.9.7\repo\org\springframework\spring-webmvc\6.1.4\spring-webmvc-6.1.4.jar;D:\Maven\apache-maven-3.9.7\repo\org\springframework\spring-aop\6.1.4\spring-aop-6.1.4.jar;D:\Maven\apache-maven-3.9.7\repo\org\springframework\spring-context\6.1.4\spring-context-6.1.4.jar;D:\Maven\apache-maven-3.9.7\repo\org\springframework\spring-expression\6.1.4\spring-expression-6.1.4.jar;D:\Maven\apache-maven-3.9.7\repo\org\springframework\boot\spring-boot-devtools\3.2.3\spring-boot-devtools-3.2.3.jar;D:\Maven\apache-maven-3.9.7\repo\org\springframework\boot\spring-boot\3.2.3\spring-boot-3.2.3.jar;D:\Maven\apache-maven-3.9.7\repo\org\springframework\boot\spring-boot-autoconfigure\3.2.3\spring-boot-autoconfigure-3.2.3.jar;D:\Maven\apache-maven-3.9.7\repo\org\projectlombok\lombok\1.18.30\lombok-1.18.30.jar;D:\Maven\apache-maven-3.9.7\repo\org\springframework\boot\spring-boot-starter-test\3.2.3\spring-boot-starter-test-3.2.3.jar;D:\Maven\apache-maven-3.9.7\repo\org\springframework\boot\spring-boot-test\3.2.3\spring-boot-test-3.2.3.jar;D:\Maven\apache-maven-3.9.7\repo\org\springframework\boot\spring-boot-test-autoconfigure\3.2.3\spring-boot-test-autoconfigure-3.2.3.jar;D:\Maven\apache-maven-3.9.7\repo\com\jayway\jsonpath\json-path\2.9.0\json-path-2.9.0.jar;D:\Maven\apache-maven-3.9.7\repo\org\slf4j\slf4j-api\2.0.12\slf4j-api-2.0.12.jar;D:\Maven\apache-maven-3.9.7\repo\jakarta\xml\bind\jakarta.xml.bind-api\4.0.1\jakarta.xml.bind-api-4.0.1.jar;D:\Maven\apache-maven-3.9.7\repo\jakarta\activation\jakarta.activation-api\2.1.2\jakarta.activation-api-2.1.2.jar;D:\Maven\apache-maven-3.9.7\repo\net\minidev\json-smart\2.5.0\json-smart-2.5.0.jar;D:\Maven\apache-maven-3.9.7\repo\net\minidev\accessors-smart\2.5.0\accessors-smart-2.5.0.jar;D:\Maven\apache-maven-3.9.7\repo\org\ow2\asm\asm\9.3\asm-9.3.jar;D:\Maven\apache-maven-3.9.7\repo\org\assertj\assertj-core\3.24.2\assertj-core-3.24.2.jar;D:\Maven\apache-maven-3.9.7\repo\net\bytebuddy\byte-buddy\1.14.12\byte-buddy-1.14.12.jar;D:\Maven\apache-maven-3.9.7\repo\org\awaitility\awaitility\4.2.0\awaitility-4.2.0.jar;D:\Maven\apache-maven-3.9.7\repo\org\hamcrest\hamcrest\2.2\hamcrest-2.2.jar;D:\Maven\apache-maven-3.9.7\repo\org\junit\jupiter\junit-jupiter\5.10.2\junit-jupiter-5.10.2.jar;D:\Maven\apache-maven-3.9.7\repo\org\junit\jupiter\junit-jupiter-api\5.10.2\junit-jupiter-api-5.10.2.jar;D:\Maven\apache-maven-3.9.7\repo\org\opentest4j\opentest4j\1.3.0\opentest4j-1.3.0.jar;D:\Maven\apache-maven-3.9.7\repo\org\junit\platform\junit-platform-commons\1.10.2\junit-platform-commons-1.10.2.jar;D:\Maven\apache-maven-3.9.7\repo\org\apiguardian\apiguardian-api\1.1.2\apiguardian-api-1.1.2.jar;D:\Maven\apache-maven-3.9.7\repo\org\junit\jupiter\junit-jupiter-params\5.10.2\junit-jupiter-params-5.10.2.jar;D:\Maven\apache-maven-3.9.7\repo\org\junit\jupiter\junit-jupiter-engine\5.10.2\junit-jupiter-engine-5.10.2.jar;D:\Maven\apache-maven-3.9.7\repo\org\junit\platform\junit-platform-engine\1.10.2\junit-platform-engine-1.10.2.jar;D:\Maven\apache-maven-3.9.7\repo\org\mockito\mockito-core\5.7.0\mockito-core-5.7.0.jar;D:\Maven\apache-maven-3.9.7\repo\net\bytebuddy\byte-buddy-agent\1.14.12\byte-buddy-agent-1.14.12.jar;D:\Maven\apache-maven-3.9.7\repo\org\objenesis\objenesis\3.3\objenesis-3.3.jar;D:\Maven\apache-maven-3.9.7\repo\org\mockito\mockito-junit-jupiter\5.7.0\mockito-junit-jupiter-5.7.0.jar;D:\Maven\apache-maven-3.9.7\repo\org\skyscreamer\jsonassert\1.5.1\jsonassert-1.5.1.jar;D:\Maven\apache-maven-3.9.7\repo\com\vaadin\external\google\android-json\0.0.20131108.vaadin1\android-json-0.0.20131108.vaadin1.jar;D:\Maven\apache-maven-3.9.7\repo\org\springframework\spring-core\6.1.4\spring-core-6.1.4.jar;D:\Maven\apache-maven-3.9.7\repo\org\springframework\spring-jcl\6.1.4\spring-jcl-6.1.4.jar;D:\Maven\apache-maven-3.9.7\repo\org\springframework\spring-test\6.1.4\spring-test-6.1.4.jar;D:\Maven\apache-maven-3.9.7\repo\org\xmlunit\xmlunit-core\2.9.1\xmlunit-core-2.9.1.jar;D:\Maven\apache-maven-3.9.7\repo\cn\hutool\hutool-all\5.8.26\hutool-all-5.8.26.jar;D:\Maven\apache-maven-3.9.7\repo\org\springframework\boot\spring-boot-starter-data-mongodb\2.7.5\spring-boot-starter-data-mongodb-2.7.5.jar;D:\Maven\apache-maven-3.9.7\repo\org\mongodb\mongodb-driver-sync\4.11.1\mongodb-driver-sync-4.11.1.jar;D:\Maven\apache-maven-3.9.7\repo\org\mongodb\bson\4.11.1\bson-4.11.1.jar;D:\Maven\apache-maven-3.9.7\repo\org\mongodb\mongodb-driver-core\4.11.1\mongodb-driver-core-4.11.1.jar;D:\Maven\apache-maven-3.9.7\repo\org\mongodb\bson-record-codec\4.11.1\bson-record-codec-4.11.1.jar;D:\Maven\apache-maven-3.9.7\repo\org\springframework\data\spring-data-mongodb\4.2.3\spring-data-mongodb-4.2.3.jar;D:\Maven\apache-maven-3.9.7\repo\org\springframework\spring-tx\6.1.4\spring-tx-6.1.4.jar;D:\Maven\apache-maven-3.9.7\repo\org\springframework\data\spring-data-commons\3.2.3\spring-data-commons-3.2.3.jar;D:\Maven\apache-maven-3.9.7\repo\org\springframework\boot\spring-boot-starter-websocket\3.3.0\spring-boot-starter-websocket-3.3.0.jar;D:\Maven\apache-maven-3.9.7\repo\org\springframework\spring-messaging\6.1.4\spring-messaging-6.1.4.jar;D:\Maven\apache-maven-3.9.7\repo\org\springframework\spring-websocket\6.1.4\spring-websocket-6.1.4.jar;"/>
    <property name="sun.cpu.endian" value="little"/>
    <property name="user.home" value="C:\Users\homura"/>
    <property name="user.language" value="zh"/>
    <property name="java.specification.vendor" value="Oracle Corporation"/>
    <property name="java.version.date" value="2024-04-16"/>
    <property name="java.home" value="D:\JDK\JDK22"/>
    <property name="file.separator" value="\"/>
    <property name="basedir" value="D:\H\Code\IDEAUltimate\BilibiliVideoStream"/>
    <property name="java.vm.compressedOopsMode" value="Zero based"/>
    <property name="line.separator" value="&#10;"/>
    <property name="java.vm.specification.vendor" value="Oracle Corporation"/>
    <property name="java.specification.name" value="Java Platform API Specification"/>
    <property name="FILE_LOG_CHARSET" value="UTF-8"/>
    <property name="java.awt.headless" value="true"/>
    <property name="surefire.real.class.path" value="C:\Users\homura\AppData\Local\Temp\surefire2607558028797670789\surefirebooter-20240618204336092_3.jar"/>
    <property name="user.script" value=""/>
    <property name="sun.management.compiler" value="HotSpot 64-Bit Tiered Compilers"/>
    <property name="java.runtime.version" value="22.0.1+8-16"/>
    <property name="user.name" value="homura"/>
    <property name="stdout.encoding" value="GBK"/>
    <property name="path.separator" value=";"/>
    <property name="os.version" value="10.0"/>
    <property name="java.runtime.name" value="OpenJDK Runtime Environment"/>
    <property name="file.encoding" value="UTF-8"/>
    <property name="java.vm.name" value="OpenJDK 64-Bit Server VM"/>
    <property name="localRepository" value="D:\Maven\apache-maven-3.9.7\repo"/>
    <property name="java.vendor.url.bug" value="https://bugreport.java.com/bugreport/"/>
    <property name="java.io.tmpdir" value="C:\Users\homura\AppData\Local\Temp\"/>
    <property name="idea.version" value="2024.1.2"/>
    <property name="java.version" value="22.0.1"/>
    <property name="user.dir" value="D:\H\Code\IDEAUltimate\BilibiliVideoStream"/>
    <property name="os.arch" value="amd64"/>
    <property name="java.vm.specification.name" value="Java Virtual Machine Specification"/>
    <property name="PID" value="30424"/>
    <property name="sun.os.patch.level" value=""/>
    <property name="CONSOLE_LOG_CHARSET" value="UTF-8"/>
    <property name="native.encoding" value="GBK"/>
    <property name="java.library.path" value="D:\JDK\JDK22\bin;C:\Windows\Sun\Java\bin;C:\Windows\system32;C:\Windows;D:\VMware\bin\;C:\Windows\system32;C:\Windows;C:\Windows\System32\Wbem;C:\Windows\System32\WindowsPowerShell\v1.0\;C:\Windows\System32\OpenSSH\;C:\Program Files\dotnet\;C:\Program Files (x86)\NVIDIA Corporation\PhysX\Common;D:\FFmpeg\ffmpeg-7.0.1-full_build\bin;D:\VSCode\Microsoft VS Code\bin;D:\JDK\JDK22\bin;D:\Maven\apache-maven-3.9.7\bin;;D:\Git\cmd;D:\Windows Kits\10\Windows Performance Toolkit\;D:\NodeJs\;C:\Program Files\NVIDIA Corporation\NVIDIA app\NvDLISR;D:\Xftp\;C:\Users\homura\AppData\Local\Microsoft\WindowsApps;C:\Users\homura\AppData\Local\Programs\oh-my-posh\bin;D:\IDEA\IntelliJ IDEA 2024.1.2\bin;;D:\NodeJs\node_global;C:\Users\homura\.dotnet\tools;;."/>
    <property name="java.vm.info" value="mixed mode, sharing"/>
    <property name="stderr.encoding" value="GBK"/>
    <property name="java.vendor" value="Oracle Corporation"/>
    <property name="java.vm.version" value="22.0.1+8-16"/>
    <property name="sun.io.unicode.encoding" value="UnicodeLittle"/>
    <property name="maven.repo.local" value="D:\Maven\apache-maven-3.9.7\repo"/>
    <property name="java.class.version" value="66.0"/>
  </properties>
  <testcase name="testCid" classname="com.example.bilibilivideostream.BilibiliVideoStreamApplicationTests" time="2.256">
    <system-out><![CDATA[20:43:36.530 [main] INFO org.springframework.test.context.support.AnnotationConfigContextLoaderUtils -- Could not detect default configuration classes for test class [com.example.bilibilivideostream.BilibiliVideoStreamApplicationTests]: BilibiliVideoStreamApplicationTests does not declare any static, non-private, non-final, nested classes annotated with @Configuration.
20:43:36.584 [main] INFO org.springframework.boot.test.context.SpringBootTestContextBootstrapper -- Found @SpringBootConfiguration com.example.bilibilivideostream.BilibiliVideoStreamApplication for test class com.example.bilibilivideostream.BilibiliVideoStreamApplicationTests
20:43:36.669 [main] INFO org.springframework.boot.devtools.restart.RestartApplicationListener -- Restart disabled due to context in which it is running

  .   ____          _            __ _ _
 /\\ / ___'_ __ _ _(_)_ __  __ _ \ \ \ \
( ( )\___ | '_ | '_| | '_ \/ _` | \ \ \ \
 \\/  ___)| |_)| | | | | || (_| |  ) ) ) )
  '  |____| .__|_| |_|_| |_\__, | / / / /
 =========|_|==============|___/=/_/_/_/
 :: Spring Boot ::                (v3.2.3)

2024-06-18T20:43:36.866+08:00  INFO 30424 --- [           main] .e.b.BilibiliVideoStreamApplicationTests : Starting BilibiliVideoStreamApplicationTests using Java 22.0.1 with PID 30424 (started by homura in D:\H\Code\IDEAUltimate\BilibiliVideoStream)
2024-06-18T20:43:36.866+08:00  INFO 30424 --- [           main] .e.b.BilibiliVideoStreamApplicationTests : No active profile set, falling back to 1 default profile: "default"
2024-06-18T20:43:37.248+08:00  INFO 30424 --- [           main] .s.d.r.c.RepositoryConfigurationDelegate : Bootstrapping Spring Data MongoDB repositories in DEFAULT mode.
2024-06-18T20:43:37.263+08:00  INFO 30424 --- [           main] .s.d.r.c.RepositoryConfigurationDelegate : Finished Spring Data repository scanning in 9 ms. Found 0 MongoDB repository interfaces.
2024-06-18T20:43:37.506+08:00  INFO 30424 --- [           main] org.mongodb.driver.client                : MongoClient with metadata {"driver": {"name": "mongo-java-driver|sync|spring-boot", "version": "4.11.1"}, "os": {"type": "Windows", "name": "Windows 11", "architecture": "amd64", "version": "10.0"}, "platform": "Java/Oracle Corporation/22.0.1+8-16"} created with settings MongoClientSettings{readPreference=primary, writeConcern=WriteConcern{w=null, wTimeout=null ms, journal=null}, retryWrites=true, retryReads=true, readConcern=ReadConcern{level=null}, credential=MongoCredential{mechanism=null, userName='admin', source='bilibili_video_stream', password=<hidden>, mechanismProperties=<hidden>}, transportSettings=null, streamFactoryFactory=null, commandListeners=[], codecRegistry=ProvidersCodecRegistry{codecProviders=[ValueCodecProvider{}, BsonValueCodecProvider{}, DBRefCodecProvider{}, DBObjectCodecProvider{}, DocumentCodecProvider{}, CollectionCodecProvider{}, IterableCodecProvider{}, MapCodecProvider{}, GeoJsonCodecProvider{}, GridFSFileCodecProvider{}, Jsr310CodecProvider{}, JsonObjectCodecProvider{}, BsonCodecProvider{}, EnumCodecProvider{}, com.mongodb.client.model.mql.ExpressionCodecProvider@4dad0eed, com.mongodb.Jep395RecordCodecProvider@7fad214a, com.mongodb.KotlinCodecProvider@164642a4]}, loggerSettings=LoggerSettings{maxDocumentLength=1000}, clusterSettings={hosts=[192.168.40.129:27017], srvServiceName=mongodb, mode=SINGLE, requiredClusterType=UNKNOWN, requiredReplicaSetName='null', serverSelector='null', clusterListeners='[]', serverSelectionTimeout='30000 ms', localThreshold='15 ms'}, socketSettings=SocketSettings{connectTimeoutMS=10000, readTimeoutMS=0, receiveBufferSize=0, proxySettings=ProxySettings{host=null, port=null, username=null, password=null}}, heartbeatSocketSettings=SocketSettings{connectTimeoutMS=10000, readTimeoutMS=10000, receiveBufferSize=0, proxySettings=ProxySettings{host=null, port=null, username=null, password=null}}, connectionPoolSettings=ConnectionPoolSettings{maxSize=100, minSize=0, maxWaitTimeMS=120000, maxConnectionLifeTimeMS=0, maxConnectionIdleTimeMS=0, maintenanceInitialDelayMS=0, maintenanceFrequencyMS=60000, connectionPoolListeners=[], maxConnecting=2}, serverSettings=ServerSettings{heartbeatFrequencyMS=10000, minHeartbeatFrequencyMS=500, serverListeners='[]', serverMonitorListeners='[]'}, sslSettings=SslSettings{enabled=false, invalidHostNameAllowed=false, context=null}, applicationName='null', compressorList=[], uuidRepresentation=JAVA_LEGACY, serverApi=null, autoEncryptionSettings=null, dnsClient=null, inetAddressResolver=null, contextProvider=null}
2024-06-18T20:43:37.522+08:00  INFO 30424 --- [68.40.129:27017] org.mongodb.driver.cluster               : Monitor thread successfully connected to server with description ServerDescription{address=192.168.40.129:27017, type=STANDALONE, state=CONNECTED, ok=true, minWireVersion=0, maxWireVersion=8, maxDocumentSize=16777216, logicalSessionTimeoutMinutes=30, roundTripTimeNanos=15081100}
2024-06-18T20:43:37.953+08:00  INFO 30424 --- [           main] .e.b.BilibiliVideoStreamApplicationTests : Started BilibiliVideoStreamApplicationTests in 1.292 seconds (process running for 1.795)
1545552973
]]></system-out>
    <system-err><![CDATA[WARNING: A Java agent has been loaded dynamically (D:\Maven\apache-maven-3.9.7\repo\net\bytebuddy\byte-buddy-agent\1.14.12\byte-buddy-agent-1.14.12.jar)
WARNING: If a serviceability tool is in use, please run with -XX:+EnableDynamicAgentLoading to hide this warning
WARNING: If a serviceability tool is not in use, please run with -Djdk.instrument.traceUsage for more information
WARNING: Dynamic loading of agents will be disallowed by default in a future release
]]></system-err>
  </testcase>
  <testcase name="testRegex" classname="com.example.bilibilivideostream.BilibiliVideoStreamApplicationTests" time="0.002">
    <system-out><![CDATA[1554707486
]]></system-out>
  </testcase>
  <testcase name="testBangumiInfo" classname="com.example.bilibilivideostream.BilibiliVideoStreamApplicationTests" time="0.148">
    <system-out><![CDATA[BangumiInfo(result=BangumiInfo.ResponseData(episodesList=[BangumiInfo.ResponseData.Episodes(aid=31216455, bvid=BV1VW411d7SM, cid=54539995), BangumiInfo.ResponseData.Episodes(aid=721787941, bvid=BV1XS4y197dp, cid=54151599), BangumiInfo.ResponseData.Episodes(aid=379260417, bvid=BV1Jf4y1M79d, cid=54151680), BangumiInfo.ResponseData.Episodes(aid=634321882, bvid=BV1gb4y1b74R, cid=54151781), BangumiInfo.ResponseData.Episodes(aid=294366281, bvid=BV1uF411a7bh, cid=54152017), BangumiInfo.ResponseData.Episodes(aid=549297420, bvid=BV1dq4y1u7aD, cid=54152204), BangumiInfo.ResponseData.Episodes(aid=849369307, bvid=BV1gL4y1p7y4, cid=54152371), BangumiInfo.ResponseData.Episodes(aid=721806298, bvid=BV1DS4y197nH, cid=54152446), BangumiInfo.ResponseData.Episodes(aid=549308982, bvid=BV1Sq4y1u7D3, cid=54152616), BangumiInfo.ResponseData.Episodes(aid=634343887, bvid=BV1Eb4y1b7V4, cid=54152845), BangumiInfo.ResponseData.Episodes(aid=976824612, bvid=BV1G44y1Y7dJ, cid=54153374), BangumiInfo.ResponseData.Episodes(aid=549359730, bvid=BV1jq4y1g7Da, cid=54153505), BangumiInfo.ResponseData.Episodes(aid=336780077, bvid=BV1SR4y1t7Y5, cid=54153664), BangumiInfo.ResponseData.Episodes(aid=294280022, bvid=BV1YF411h7kJ, cid=54153785), BangumiInfo.ResponseData.Episodes(aid=721807890, bvid=BV1SS4y197CN, cid=54153886), BangumiInfo.ResponseData.Episodes(aid=976790417, bvid=BV1A44y1Y79p, cid=54154239), BangumiInfo.ResponseData.Episodes(aid=719332878, bvid=BV18Q4y1v77W, cid=54154509), BangumiInfo.ResponseData.Episodes(aid=209291531, bvid=BV1Jh411475M, cid=54154693), BangumiInfo.ResponseData.Episodes(aid=721856934, bvid=BV15S4y1R7Z2, cid=54154955), BangumiInfo.ResponseData.Episodes(aid=251777754, bvid=BV1UY411x7Qk, cid=54155137), BangumiInfo.ResponseData.Episodes(aid=464265588, bvid=BV12L411T72e, cid=54155302), BangumiInfo.ResponseData.Episodes(aid=336804318, bvid=BV1TR4y1b7Ho, cid=54540079), BangumiInfo.ResponseData.Episodes(aid=976808487, bvid=BV1Z44y1a7W5, cid=54156413), BangumiInfo.ResponseData.Episodes(aid=806815659, bvid=BV1P34y1o7Ww, cid=54156522)]))
]]></system-out>
  </testcase>
  <testcase name="insertCookie" classname="com.example.bilibilivideostream.BilibiliVideoStreamApplicationTests" time="0.094">
    <error message="Write operation error on server 192.168.40.129:27017. Write error: WriteError{code=11000, message=&apos;E11000 duplicate key error collection: bilibili_video_stream.cookie index: _id_ dup key: { _id: 27842728 }&apos;, details={}}." type="org.springframework.dao.DuplicateKeyException"><![CDATA[org.springframework.dao.DuplicateKeyException: Write operation error on server 192.168.40.129:27017. Write error: WriteError{code=11000, message='E11000 duplicate key error collection: bilibili_video_stream.cookie index: _id_ dup key: { _id: 27842728 }', details={}}.
	at org.springframework.data.mongodb.core.MongoExceptionTranslator.translateExceptionIfPossible(MongoExceptionTranslator.java:99)
	at org.springframework.data.mongodb.core.MongoTemplate.potentiallyConvertRuntimeException(MongoTemplate.java:2993)
	at org.springframework.data.mongodb.core.MongoTemplate.execute(MongoTemplate.java:603)
	at org.springframework.data.mongodb.core.MongoTemplate.insertDocument(MongoTemplate.java:1534)
	at org.springframework.data.mongodb.core.MongoTemplate.doInsert(MongoTemplate.java:1335)
	at org.springframework.data.mongodb.core.MongoTemplate.insert(MongoTemplate.java:1261)
	at org.springframework.data.mongodb.core.MongoTemplate.insert(MongoTemplate.java:1250)
	at com.example.bilibilivideostream.BilibiliVideoStreamApplicationTests.insertCookie(BilibiliVideoStreamApplicationTests.java:112)
	at java.base/java.lang.reflect.Method.invoke(Method.java:580)
	at java.base/java.util.ArrayList.forEach(ArrayList.java:1597)
	at java.base/java.util.ArrayList.forEach(ArrayList.java:1597)
Caused by: com.mongodb.MongoWriteException: Write operation error on server 192.168.40.129:27017. Write error: WriteError{code=11000, message='E11000 duplicate key error collection: bilibili_video_stream.cookie index: _id_ dup key: { _id: 27842728 }', details={}}.
	at com.mongodb.client.internal.MongoCollectionImpl.executeSingleWriteRequest(MongoCollectionImpl.java:1093)
	at com.mongodb.client.internal.MongoCollectionImpl.executeInsertOne(MongoCollectionImpl.java:478)
	at com.mongodb.client.internal.MongoCollectionImpl.insertOne(MongoCollectionImpl.java:461)
	at com.mongodb.client.internal.MongoCollectionImpl.insertOne(MongoCollectionImpl.java:455)
	at org.springframework.data.mongodb.core.MongoTemplate.lambda$insertDocument$17(MongoTemplate.java:1540)
	at org.springframework.data.mongodb.core.MongoTemplate.execute(MongoTemplate.java:601)
	... 8 more
]]></error>
  </testcase>
  <testcase name="testDownload" classname="com.example.bilibilivideostream.BilibiliVideoStreamApplicationTests" time="2.284">
    <error message="java.io.FileNotFoundException: D:\G\无能小OP\更新\videoStream.m4s (系统找不到指定的路径。)" type="java.lang.RuntimeException"><![CDATA[java.lang.RuntimeException: java.io.FileNotFoundException: D:\G\无能小OP\更新\videoStream.m4s (系统找不到指定的路径。)
	at com.example.bilibilivideostream.BilibiliVideoStreamApplicationTests.testDownload(BilibiliVideoStreamApplicationTests.java:71)
	at java.base/java.lang.reflect.Method.invoke(Method.java:580)
	at java.base/java.util.ArrayList.forEach(ArrayList.java:1597)
	at java.base/java.util.ArrayList.forEach(ArrayList.java:1597)
Caused by: java.io.FileNotFoundException: D:\G\无能小OP\更新\videoStream.m4s (系统找不到指定的路径。)
	at java.base/java.io.FileOutputStream.open0(Native Method)
	at java.base/java.io.FileOutputStream.open(FileOutputStream.java:289)
	at java.base/java.io.FileOutputStream.<init>(FileOutputStream.java:230)
	at java.base/java.io.FileOutputStream.<init>(FileOutputStream.java:118)
	at com.example.bilibilivideostream.BilibiliVideoStreamApplicationTests.testDownload(BilibiliVideoStreamApplicationTests.java:68)
	... 3 more
]]></error>
  </testcase>
</testsuite>